total 0
lr-x------ 1 root root 64 Jun 30 22:12 0 -> pipe:[551688]
l-wx------ 1 root root 64 Jun 30 22:12 1 -> pipe:[551689]
lr-x------ 1 root root 64 Jun 30 22:12 10 -> pipe:[551691]
l-wx------ 1 root root 64 Jun 30 22:12 11 -> pipe:[551691]
lrwx------ 1 root root 64 Jun 30 22:12 12 -> anon_inode:[eventfd]
lrwx------ 1 root root 64 Jun 30 22:12 13 -> anon_inode:[eventpoll]
lr-x------ 1 root root 64 Jun 30 22:12 14 -> pipe:[552398]
l-wx------ 1 root root 64 Jun 30 22:12 15 -> pipe:[552398]
lrwx------ 1 root root 64 Jun 30 22:12 16 -> anon_inode:[eventfd]
lr-x------ 1 root root 64 Jun 30 22:12 17 -> /dev/null
lrwx------ 1 root root 64 Jun 30 22:12 18 -> anon_inode:[eventpoll]
lr-x------ 1 root root 64 Jun 30 22:12 19 -> pipe:[551702]
lrwx------ 1 root root 64 Jun 30 22:12 2 -> socket:[551682]
l-wx------ 1 root root 64 Jun 30 22:12 20 -> pipe:[551702]
lrwx------ 1 root root 64 Jun 30 22:12 21 -> anon_inode:[eventfd]
lrwx------ 1 root root 64 Jun 30 22:12 3 -> anon_inode:[eventpoll]
lr-x------ 1 root root 64 Jun 30 22:12 4 -> pipe:[552396]
l-wx------ 1 root root 64 Jun 30 22:12 5 -> pipe:[552396]
lr-x------ 1 root root 64 Jun 30 22:12 6 -> pipe:[552397]
l-wx------ 1 root root 64 Jun 30 22:12 7 -> pipe:[552397]
lrwx------ 1 root root 64 Jun 30 22:12 8 -> anon_inode:[eventfd]
lrwx------ 1 root root 64 Jun 30 22:12 9 -> anon_inode:[eventpoll]
